
  .   ____          _            __ _ _
 /\\ / ___'_ __ _ _(_)_ __  __ _ \ \ \ \
( ( )\___ | '_ | '_| | '_ \/ _` | \ \ \ \
 \\/  ___)| |_)| | | | | || (_| |  ) ) ) )
  '  |____| .__|_| |_|_| |_\__, | / / / /
 =========|_|==============|___/=/_/_/_/

 :: Spring Boot ::                (v3.3.8)

2026-03-09T19:45:44.757+08:00  INFO 17124 --- [flower-shop-backend] [           main] com.flowershop.FlowerShopApplication     : Starting FlowerShopApplication v1.0.0 using Java 17.0.12 with PID 17124 (C:\Users\root\Desktop\±ˇîŁ˝ŕ\flowers\backend\target\flower-shop-backend-1.0.0.jar started by root in C:\Users\root\Desktop\±ˇîŁ˝ŕ\flowers\backend)
2026-03-09T19:45:44.761+08:00  INFO 17124 --- [flower-shop-backend] [           main] com.flowershop.FlowerShopApplication     : No active profile set, falling back to 1 default profile: "default"
2026-03-09T19:45:49.673+08:00  INFO 17124 --- [flower-shop-backend] [           main] o.s.b.w.embedded.tomcat.TomcatWebServer  : Tomcat initialized with port 18081 (http)
2026-03-09T19:45:49.800+08:00  INFO 17124 --- [flower-shop-backend] [           main] o.apache.catalina.core.StandardService   : Starting service [Tomcat]
2026-03-09T19:45:49.803+08:00  INFO 17124 --- [flower-shop-backend] [           main] o.apache.catalina.core.StandardEngine    : Starting Servlet engine: [Apache Tomcat/10.1.34]
2026-03-09T19:45:50.138+08:00  INFO 17124 --- [flower-shop-backend] [           main] o.a.c.c.C.[Tomcat].[localhost].[/]       : Initializing Spring embedded WebApplicationContext
2026-03-09T19:45:50.145+08:00  INFO 17124 --- [flower-shop-backend] [           main] w.s.c.ServletWebServerApplicationContext : Root WebApplicationContext: initialization completed in 5301 ms
2026-03-09T19:45:51.279+08:00  INFO 17124 --- [flower-shop-backend] [           main] com.zaxxer.hikari.HikariDataSource       : HikariPool-1 - Starting...
2026-03-09T19:45:51.958+08:00  INFO 17124 --- [flower-shop-backend] [           main] com.zaxxer.hikari.pool.HikariPool        : HikariPool-1 - Added connection com.mysql.cj.jdbc.ConnectionImpl@54895681
2026-03-09T19:45:51.962+08:00  INFO 17124 --- [flower-shop-backend] [           main] com.zaxxer.hikari.HikariDataSource       : HikariPool-1 - Start completed.
2026-03-09T19:45:55.533+08:00  INFO 17124 --- [flower-shop-backend] [           main] o.s.b.a.e.web.EndpointLinksResolver      : Exposing 2 endpoints beneath base path '/actuator'
2026-03-09T19:45:55.832+08:00  INFO 17124 --- [flower-shop-backend] [           main] o.s.b.w.embedded.tomcat.TomcatWebServer  : Tomcat started on port 18081 (http) with context path '/'
2026-03-09T19:45:55.872+08:00  INFO 17124 --- [flower-shop-backend] [           main] com.flowershop.FlowerShopApplication     : Started FlowerShopApplication in 12.038 seconds (process running for 13.372)
2026-03-09T19:45:56.419+08:00  INFO 17124 --- [flower-shop-backend] [io-18081-exec-1] o.a.c.c.C.[Tomcat].[localhost].[/]       : Initializing Spring DispatcherServlet 'dispatcherServlet'
2026-03-09T19:45:56.421+08:00  INFO 17124 --- [flower-shop-backend] [io-18081-exec-1] o.s.web.servlet.DispatcherServlet        : Initializing Servlet 'dispatcherServlet'
2026-03-09T19:45:56.426+08:00  INFO 17124 --- [flower-shop-backend] [io-18081-exec-1] o.s.web.servlet.DispatcherServlet        : Completed initialization in 4 ms
