[INFO] Scanning for projects...
[INFO] 
[INFO] -----------------< com.flowershop:flower-shop-backend >-----------------
[INFO] Building flower-shop-backend 1.0.0
[INFO]   from pom.xml
[INFO] --------------------------------[ jar ]---------------------------------
[INFO] 
[INFO] >>> spring-boot:3.3.8:run (default-cli) > test-compile @ flower-shop-backend >>>
[INFO] 
[INFO] --- resources:3.3.1:resources (default-resources) @ flower-shop-backend ---
[INFO] Copying 1 resource from src\main\resources to target\classes
[INFO] Copying 15 resources from src\main\resources to target\classes
[INFO] 
[INFO] --- compiler:3.13.0:compile (default-compile) @ flower-shop-backend ---
[INFO] Nothing to compile - all classes are up to date.
[INFO] 
[INFO] --- resources:3.3.1:testResources (default-testResources) @ flower-shop-backend ---
[INFO] skip non existing resourceDirectory C:\Users\root\Desktop\±ˇîŁ˝ŕ\flowers\backend\src\test\resources
[INFO] 
[INFO] --- compiler:3.13.0:testCompile (default-testCompile) @ flower-shop-backend ---
[INFO] No sources to compile
[INFO] 
[INFO] <<< spring-boot:3.3.8:run (default-cli) < test-compile @ flower-shop-backend <<<
[INFO] 
[INFO] 
[INFO] --- spring-boot:3.3.8:run (default-cli) @ flower-shop-backend ---
[INFO] Attaching agents: []

  .   ____          _            __ _ _
 /\\ / ___'_ __ _ _(_)_ __  __ _ \ \ \ \
( ( )\___ | '_ | '_| | '_ \/ _` | \ \ \ \
 \\/  ___)| |_)| | | | | || (_| |  ) ) ) )
  '  |____| .__|_| |_|_| |_\__, | / / / /
 =========|_|==============|___/=/_/_/_/

 :: Spring Boot ::                (v3.3.8)

2026-02-27T15:56:24.390+08:00  INFO 403268 --- [flower-shop-backend] [           main] com.flowershop.FlowerShopApplication     : Starting FlowerShopApplication using Java 17.0.12 with PID 403268 (C:\Users\root\Desktop\±ˇîŁ˝ŕ\flowers\backend\target\classes started by root in C:\Users\root\Desktop\±ˇîŁ˝ŕ\flowers\backend)
2026-02-27T15:56:24.393+08:00  INFO 403268 --- [flower-shop-backend] [           main] com.flowershop.FlowerShopApplication     : No active profile set, falling back to 1 default profile: "default"
2026-02-27T15:56:25.939+08:00  INFO 403268 --- [flower-shop-backend] [           main] o.s.b.w.embedded.tomcat.TomcatWebServer  : Tomcat initialized with port 18080 (http)
2026-02-27T15:56:25.952+08:00  INFO 403268 --- [flower-shop-backend] [           main] o.apache.catalina.core.StandardService   : Starting service [Tomcat]
2026-02-27T15:56:25.952+08:00  INFO 403268 --- [flower-shop-backend] [           main] o.apache.catalina.core.StandardEngine    : Starting Servlet engine: [Apache Tomcat/10.1.34]
2026-02-27T15:56:26.009+08:00  INFO 403268 --- [flower-shop-backend] [           main] o.a.c.c.C.[Tomcat].[localhost].[/]       : Initializing Spring embedded WebApplicationContext
2026-02-27T15:56:26.011+08:00  INFO 403268 --- [flower-shop-backend] [           main] w.s.c.ServletWebServerApplicationContext : Root WebApplicationContext: initialization completed in 1574 ms
2026-02-27T15:56:28.797+08:00  INFO 403268 --- [flower-shop-backend] [           main] o.s.b.a.e.web.EndpointLinksResolver      : Exposing 2 endpoints beneath base path '/actuator'
2026-02-27T15:56:29.115+08:00  INFO 403268 --- [flower-shop-backend] [           main] o.s.b.w.embedded.tomcat.TomcatWebServer  : Tomcat started on port 18080 (http) with context path '/'
2026-02-27T15:56:29.166+08:00  INFO 403268 --- [flower-shop-backend] [           main] com.flowershop.FlowerShopApplication     : Started FlowerShopApplication in 5.335 seconds (process running for 5.762)
2026-02-27T15:56:30.648+08:00  INFO 403268 --- [flower-shop-backend] [io-18080-exec-1] o.a.c.c.C.[Tomcat].[localhost].[/]       : Initializing Spring DispatcherServlet 'dispatcherServlet'
2026-02-27T15:56:30.649+08:00  INFO 403268 --- [flower-shop-backend] [io-18080-exec-1] o.s.web.servlet.DispatcherServlet        : Initializing Servlet 'dispatcherServlet'
2026-02-27T15:56:30.656+08:00  INFO 403268 --- [flower-shop-backend] [io-18080-exec-1] o.s.web.servlet.DispatcherServlet        : Completed initialization in 6 ms
2026-02-27T15:56:30.814+08:00  INFO 403268 --- [flower-shop-backend] [io-18080-exec-1] com.zaxxer.hikari.HikariDataSource       : HikariPool-1 - Starting...
2026-02-27T15:56:31.383+08:00  INFO 403268 --- [flower-shop-backend] [io-18080-exec-1] com.zaxxer.hikari.pool.HikariPool        : HikariPool-1 - Added connection com.mysql.cj.jdbc.ConnectionImpl@2546991a
2026-02-27T15:56:31.396+08:00  INFO 403268 --- [flower-shop-backend] [io-18080-exec-1] com.zaxxer.hikari.HikariDataSource       : HikariPool-1 - Start completed.
