
  .   ____          _            __ _ _
 /\\ / ___'_ __ _ _(_)_ __  __ _ \ \ \ \
( ( )\___ | '_ | '_| | '_ \/ _` | \ \ \ \
 \\/  ___)| |_)| | | | | || (_| |  ) ) ) )
  '  |____| .__|_| |_|_| |_\__, | / / / /
 =========|_|==============|___/=/_/_/_/

 :: Spring Boot ::                (v3.3.8)

2026-03-10T10:11:11.490+08:00  INFO 45924 --- [flower-shop-backend] [           main] com.flowershop.FlowerShopApplication     : Starting FlowerShopApplication using Java 17.0.12 with PID 45924 (C:\Users\root\Desktop\БЁюЃНр\flowers\backend\target\classes started by root in C:\Users\root\Desktop\БЁюЃНр\flowers\backend)
2026-03-10T10:11:11.496+08:00  INFO 45924 --- [flower-shop-backend] [           main] com.flowershop.FlowerShopApplication     : No active profile set, falling back to 1 default profile: "default"
2026-03-10T10:11:14.858+08:00  INFO 45924 --- [flower-shop-backend] [           main] o.s.b.w.embedded.tomcat.TomcatWebServer  : Tomcat initialized with port 18080 (http)
2026-03-10T10:11:14.924+08:00  INFO 45924 --- [flower-shop-backend] [           main] o.apache.catalina.core.StandardService   : Starting service [Tomcat]
2026-03-10T10:11:14.925+08:00  INFO 45924 --- [flower-shop-backend] [           main] o.apache.catalina.core.StandardEngine    : Starting Servlet engine: [Apache Tomcat/10.1.34]
2026-03-10T10:11:15.097+08:00  INFO 45924 --- [flower-shop-backend] [           main] o.a.c.c.C.[Tomcat].[localhost].[/]       : Initializing Spring embedded WebApplicationContext
2026-03-10T10:11:15.105+08:00  INFO 45924 --- [flower-shop-backend] [           main] w.s.c.ServletWebServerApplicationContext : Root WebApplicationContext: initialization completed in 3510 ms
2026-03-10T10:11:16.018+08:00  INFO 45924 --- [flower-shop-backend] [           main] com.zaxxer.hikari.HikariDataSource       : HikariPool-1 - Starting...
2026-03-10T10:11:16.519+08:00  INFO 45924 --- [flower-shop-backend] [           main] com.zaxxer.hikari.pool.HikariPool        : HikariPool-1 - Added connection com.mysql.cj.jdbc.ConnectionImpl@cf01c2e
2026-03-10T10:11:16.521+08:00  INFO 45924 --- [flower-shop-backend] [           main] com.zaxxer.hikari.HikariDataSource       : HikariPool-1 - Start completed.
2026-03-10T10:11:18.992+08:00  INFO 45924 --- [flower-shop-backend] [           main] o.s.b.a.e.web.EndpointLinksResolver      : Exposing 2 endpoints beneath base path '/actuator'
2026-03-10T10:11:19.316+08:00  INFO 45924 --- [flower-shop-backend] [           main] o.s.b.w.embedded.tomcat.TomcatWebServer  : Tomcat started on port 18080 (http) with context path '/'
2026-03-10T10:11:19.351+08:00  INFO 45924 --- [flower-shop-backend] [           main] com.flowershop.FlowerShopApplication     : Started FlowerShopApplication in 8.685 seconds (process running for 9.309)
2026-03-10T10:11:59.135+08:00  INFO 45924 --- [flower-shop-backend] [io-18080-exec-1] o.a.c.c.C.[Tomcat].[localhost].[/]       : Initializing Spring DispatcherServlet 'dispatcherServlet'
2026-03-10T10:11:59.137+08:00  INFO 45924 --- [flower-shop-backend] [io-18080-exec-1] o.s.web.servlet.DispatcherServlet        : Initializing Servlet 'dispatcherServlet'
2026-03-10T10:11:59.139+08:00  INFO 45924 --- [flower-shop-backend] [io-18080-exec-1] o.s.web.servlet.DispatcherServlet        : Completed initialization in 1 ms
2026-03-10T10:11:59.202+08:00  INFO 45924 --- [flower-shop-backend] [io-18080-exec-1] c.f.controller.AfterSaleController       : ВщбЏЪлКѓМЧТМ, orderNo: MMDEMO0010
2026-03-10T10:12:32.081+08:00  INFO 45924 --- [flower-shop-backend] [io-18080-exec-3] c.f.controller.AfterSaleController       : ЪеЕНЭЫПюЩъЧыЧыЧѓ, orderNo: MMDEMO0009, amount: 2873.60
2026-03-10T10:12:32.139+08:00  INFO 45924 --- [flower-shop-backend] [io-18080-exec-3] c.flowershop.service.AfterSaleService    : ЭЫПюЩъЧыЬсНЛГЩЙІ, orderNo: MMDEMO0009, refundNo: RF202603101012322866, amount: 2873.60
2026-03-10T10:12:32.149+08:00  INFO 45924 --- [flower-shop-backend] [io-18080-exec-3] c.f.controller.AfterSaleController       : ЭЫПюЩъЧыДІРэГЩЙІ, orderNo: MMDEMO0009, refundNo: RF202603101012322866
2026-03-10T10:44:27.560+08:00  INFO 45924 --- [flower-shop-backend] [io-18080-exec-3] c.f.controller.AfterSaleController       : ВщбЏЪлКѓМЧТМСаБэ, status: null, limit: 100
2026-03-10T10:45:19.293+08:00  INFO 45924 --- [flower-shop-backend] [io-18080-exec-9] c.f.controller.AfterSaleController       : ВщбЏЪлКѓМЧТМСаБэ, status: null, limit: 100
