
  .   ____          _            __ _ _
 /\\ / ___'_ __ _ _(_)_ __  __ _ \ \ \ \
( ( )\___ | '_ | '_| | '_ \/ _` | \ \ \ \
 \\/  ___)| |_)| | | | | || (_| |  ) ) ) )
  '  |____| .__|_| |_|_| |_\__, | / / / /
 =========|_|==============|___/=/_/_/_/

 :: Spring Boot ::                (v3.3.8)

2026-03-09T21:14:34.945+08:00  INFO 12176 --- [flower-shop-backend] [           main] com.flowershop.FlowerShopApplication     : Starting FlowerShopApplication using Java 17.0.12 with PID 12176 (C:\Users\root\Desktop\±ˇîŁ˝ŕ\flowers\backend\target\classes started by root in C:\Users\root\Desktop\±ˇîŁ˝ŕ\flowers\backend)
2026-03-09T21:14:34.951+08:00  INFO 12176 --- [flower-shop-backend] [           main] com.flowershop.FlowerShopApplication     : No active profile set, falling back to 1 default profile: "default"
2026-03-09T21:14:38.965+08:00  INFO 12176 --- [flower-shop-backend] [           main] o.s.b.w.embedded.tomcat.TomcatWebServer  : Tomcat initialized with port 18080 (http)
2026-03-09T21:14:39.004+08:00  INFO 12176 --- [flower-shop-backend] [           main] o.apache.catalina.core.StandardService   : Starting service [Tomcat]
2026-03-09T21:14:39.005+08:00  INFO 12176 --- [flower-shop-backend] [           main] o.apache.catalina.core.StandardEngine    : Starting Servlet engine: [Apache Tomcat/10.1.34]
2026-03-09T21:14:39.226+08:00  INFO 12176 --- [flower-shop-backend] [           main] o.a.c.c.C.[Tomcat].[localhost].[/]       : Initializing Spring embedded WebApplicationContext
2026-03-09T21:14:39.232+08:00  INFO 12176 --- [flower-shop-backend] [           main] w.s.c.ServletWebServerApplicationContext : Root WebApplicationContext: initialization completed in 4192 ms
2026-03-09T21:14:40.065+08:00  INFO 12176 --- [flower-shop-backend] [           main] com.zaxxer.hikari.HikariDataSource       : HikariPool-1 - Starting...
2026-03-09T21:14:40.334+08:00  INFO 12176 --- [flower-shop-backend] [           main] com.zaxxer.hikari.pool.HikariPool        : HikariPool-1 - Added connection com.mysql.cj.jdbc.ConnectionImpl@42d9e8d2
2026-03-09T21:14:40.336+08:00  INFO 12176 --- [flower-shop-backend] [           main] com.zaxxer.hikari.HikariDataSource       : HikariPool-1 - Start completed.
2026-03-09T21:14:43.144+08:00  INFO 12176 --- [flower-shop-backend] [           main] o.s.b.a.e.web.EndpointLinksResolver      : Exposing 2 endpoints beneath base path '/actuator'
2026-03-09T21:14:43.544+08:00  INFO 12176 --- [flower-shop-backend] [           main] o.s.b.w.embedded.tomcat.TomcatWebServer  : Tomcat started on port 18080 (http) with context path '/'
2026-03-09T21:14:43.572+08:00  INFO 12176 --- [flower-shop-backend] [           main] com.flowershop.FlowerShopApplication     : Started FlowerShopApplication in 9.552 seconds (process running for 10.424)
2026-03-09T21:15:06.888+08:00  INFO 12176 --- [flower-shop-backend] [o-18080-exec-10] o.a.c.c.C.[Tomcat].[localhost].[/]       : Initializing Spring DispatcherServlet 'dispatcherServlet'
2026-03-09T21:15:06.889+08:00  INFO 12176 --- [flower-shop-backend] [o-18080-exec-10] o.s.web.servlet.DispatcherServlet        : Initializing Servlet 'dispatcherServlet'
2026-03-09T21:15:06.895+08:00  INFO 12176 --- [flower-shop-backend] [o-18080-exec-10] o.s.web.servlet.DispatcherServlet        : Completed initialization in 4 ms
