
  .   ____          _            __ _ _
 /\\ / ___'_ __ _ _(_)_ __  __ _ \ \ \ \
( ( )\___ | '_ | '_| | '_ \/ _` | \ \ \ \
 \\/  ___)| |_)| | | | | || (_| |  ) ) ) )
  '  |____| .__|_| |_|_| |_\__, | / / / /
 =========|_|==============|___/=/_/_/_/

 :: Spring Boot ::                (v3.3.8)

2026-03-09T19:52:49.244+08:00  INFO 38504 --- [flower-shop-backend] [           main] com.flowershop.FlowerShopApplication     : Starting FlowerShopApplication using Java 17.0.12 with PID 38504 (C:\Users\root\Desktop\±ˇîŁ˝ŕ\flowers\backend\target\classes started by root in C:\Users\root\Desktop\±ˇîŁ˝ŕ\flowers\backend)
2026-03-09T19:52:49.254+08:00  INFO 38504 --- [flower-shop-backend] [           main] com.flowershop.FlowerShopApplication     : No active profile set, falling back to 1 default profile: "default"
2026-03-09T19:53:00.167+08:00  INFO 38504 --- [flower-shop-backend] [           main] o.s.b.w.embedded.tomcat.TomcatWebServer  : Tomcat initialized with port 18081 (http)
2026-03-09T19:53:00.216+08:00  INFO 38504 --- [flower-shop-backend] [           main] o.apache.catalina.core.StandardService   : Starting service [Tomcat]
2026-03-09T19:53:00.218+08:00  INFO 38504 --- [flower-shop-backend] [           main] o.apache.catalina.core.StandardEngine    : Starting Servlet engine: [Apache Tomcat/10.1.34]
2026-03-09T19:53:00.553+08:00  INFO 38504 --- [flower-shop-backend] [           main] o.a.c.c.C.[Tomcat].[localhost].[/]       : Initializing Spring embedded WebApplicationContext
2026-03-09T19:53:00.560+08:00  INFO 38504 --- [flower-shop-backend] [           main] w.s.c.ServletWebServerApplicationContext : Root WebApplicationContext: initialization completed in 11163 ms
2026-03-09T19:53:01.911+08:00  INFO 38504 --- [flower-shop-backend] [           main] com.zaxxer.hikari.HikariDataSource       : HikariPool-1 - Starting...
2026-03-09T19:53:02.646+08:00  INFO 38504 --- [flower-shop-backend] [           main] com.zaxxer.hikari.pool.HikariPool        : HikariPool-1 - Added connection com.mysql.cj.jdbc.ConnectionImpl@341c6ac2
2026-03-09T19:53:02.658+08:00  INFO 38504 --- [flower-shop-backend] [           main] com.zaxxer.hikari.HikariDataSource       : HikariPool-1 - Start completed.
2026-03-09T19:53:09.221+08:00  INFO 38504 --- [flower-shop-backend] [           main] o.s.b.a.e.web.EndpointLinksResolver      : Exposing 2 endpoints beneath base path '/actuator'
2026-03-09T19:53:10.303+08:00  INFO 38504 --- [flower-shop-backend] [           main] o.s.b.w.embedded.tomcat.TomcatWebServer  : Tomcat started on port 18081 (http) with context path '/'
2026-03-09T19:53:10.464+08:00  INFO 38504 --- [flower-shop-backend] [           main] com.flowershop.FlowerShopApplication     : Started FlowerShopApplication in 22.347 seconds (process running for 23.128)
2026-03-09T19:53:10.905+08:00  INFO 38504 --- [flower-shop-backend] [io-18081-exec-1] o.a.c.c.C.[Tomcat].[localhost].[/]       : Initializing Spring DispatcherServlet 'dispatcherServlet'
2026-03-09T19:53:10.916+08:00  INFO 38504 --- [flower-shop-backend] [io-18081-exec-1] o.s.web.servlet.DispatcherServlet        : Initializing Servlet 'dispatcherServlet'
2026-03-09T19:53:10.939+08:00  INFO 38504 --- [flower-shop-backend] [io-18081-exec-1] o.s.web.servlet.DispatcherServlet        : Completed initialization in 15 ms
