
  .   ____          _            __ _ _
 /\\ / ___'_ __ _ _(_)_ __  __ _ \ \ \ \
( ( )\___ | '_ | '_| | '_ \/ _` | \ \ \ \
 \\/  ___)| |_)| | | | | || (_| |  ) ) ) )
  '  |____| .__|_| |_|_| |_\__, | / / / /
 =========|_|==============|___/=/_/_/_/

 :: Spring Boot ::                (v3.3.8)

2026-03-08T22:09:36.744+08:00  INFO 26904 --- [flower-shop-backend] [           main] com.flowershop.FlowerShopApplication     : Starting FlowerShopApplication v1.0.0 using Java 17.0.12 with PID 26904 (C:\Users\root\Desktop\±ˇîŁ˝ŕ\flowers\backend\target\flower-shop-backend-1.0.0.jar started by root in C:\Users\root\Desktop\±ˇîŁ˝ŕ\flowers\backend)
2026-03-08T22:09:36.756+08:00  INFO 26904 --- [flower-shop-backend] [           main] com.flowershop.FlowerShopApplication     : No active profile set, falling back to 1 default profile: "default"
2026-03-08T22:09:52.474+08:00  INFO 26904 --- [flower-shop-backend] [           main] o.s.b.w.embedded.tomcat.TomcatWebServer  : Tomcat initialized with port 18081 (http)
2026-03-08T22:09:52.524+08:00  INFO 26904 --- [flower-shop-backend] [           main] o.apache.catalina.core.StandardService   : Starting service [Tomcat]
2026-03-08T22:09:52.526+08:00  INFO 26904 --- [flower-shop-backend] [           main] o.apache.catalina.core.StandardEngine    : Starting Servlet engine: [Apache Tomcat/10.1.34]
2026-03-08T22:09:52.680+08:00  INFO 26904 --- [flower-shop-backend] [           main] o.a.c.c.C.[Tomcat].[localhost].[/]       : Initializing Spring embedded WebApplicationContext
2026-03-08T22:09:52.685+08:00  INFO 26904 --- [flower-shop-backend] [           main] w.s.c.ServletWebServerApplicationContext : Root WebApplicationContext: initialization completed in 15799 ms
2026-03-08T22:09:53.959+08:00  INFO 26904 --- [flower-shop-backend] [           main] com.zaxxer.hikari.HikariDataSource       : HikariPool-1 - Starting...
2026-03-08T22:09:54.909+08:00  INFO 26904 --- [flower-shop-backend] [           main] com.zaxxer.hikari.pool.HikariPool        : HikariPool-1 - Added connection com.mysql.cj.jdbc.ConnectionImpl@5d9d2119
2026-03-08T22:09:54.915+08:00  INFO 26904 --- [flower-shop-backend] [           main] com.zaxxer.hikari.HikariDataSource       : HikariPool-1 - Start completed.
2026-03-08T22:09:59.305+08:00  INFO 26904 --- [flower-shop-backend] [           main] o.s.b.a.e.web.EndpointLinksResolver      : Exposing 2 endpoints beneath base path '/actuator'
2026-03-08T22:09:59.729+08:00  INFO 26904 --- [flower-shop-backend] [           main] o.s.b.w.embedded.tomcat.TomcatWebServer  : Tomcat started on port 18081 (http) with context path '/'
2026-03-08T22:09:59.794+08:00  INFO 26904 --- [flower-shop-backend] [           main] com.flowershop.FlowerShopApplication     : Started FlowerShopApplication in 24.34 seconds (process running for 25.536)
2026-03-08T22:10:01.003+08:00  INFO 26904 --- [flower-shop-backend] [io-18081-exec-1] o.a.c.c.C.[Tomcat].[localhost].[/]       : Initializing Spring DispatcherServlet 'dispatcherServlet'
2026-03-08T22:10:01.005+08:00  INFO 26904 --- [flower-shop-backend] [io-18081-exec-1] o.s.web.servlet.DispatcherServlet        : Initializing Servlet 'dispatcherServlet'
2026-03-08T22:10:01.012+08:00  INFO 26904 --- [flower-shop-backend] [io-18081-exec-1] o.s.web.servlet.DispatcherServlet        : Completed initialization in 6 ms
