
  .   ____          _            __ _ _
 /\\ / ___'_ __ _ _(_)_ __  __ _ \ \ \ \
( ( )\___ | '_ | '_| | '_ \/ _` | \ \ \ \
 \\/  ___)| |_)| | | | | || (_| |  ) ) ) )
  '  |____| .__|_| |_|_| |_\__, | / / / /
 =========|_|==============|___/=/_/_/_/

 :: Spring Boot ::                (v3.3.8)

2026-02-27T15:53:04.354+08:00  INFO 402684 --- [flower-shop-backend] [           main] com.flowershop.FlowerShopApplication     : Starting FlowerShopApplication v1.0.0 using Java 17.0.12 with PID 402684 (C:\Users\root\Desktop\情謑賞\flowers\backend\target\flower-shop-backend-1.0.0.jar started by root in C:\Users\root\Desktop\情謑賞\flowers\backend)
2026-02-27T15:53:04.358+08:00  INFO 402684 --- [flower-shop-backend] [           main] com.flowershop.FlowerShopApplication     : No active profile set, falling back to 1 default profile: "default"
2026-02-27T15:53:15.930+08:00  INFO 402684 --- [flower-shop-backend] [           main] o.s.b.w.embedded.tomcat.TomcatWebServer  : Tomcat initialized with port 18081 (http)
2026-02-27T15:53:15.958+08:00  INFO 402684 --- [flower-shop-backend] [           main] o.apache.catalina.core.StandardService   : Starting service [Tomcat]
2026-02-27T15:53:15.958+08:00  INFO 402684 --- [flower-shop-backend] [           main] o.apache.catalina.core.StandardEngine    : Starting Servlet engine: [Apache Tomcat/10.1.34]
2026-02-27T15:53:16.026+08:00  INFO 402684 --- [flower-shop-backend] [           main] o.a.c.c.C.[Tomcat].[localhost].[/]       : Initializing Spring embedded WebApplicationContext
2026-02-27T15:53:16.034+08:00  INFO 402684 --- [flower-shop-backend] [           main] w.s.c.ServletWebServerApplicationContext : Root WebApplicationContext: initialization completed in 11588 ms
2026-02-27T15:53:18.747+08:00  INFO 402684 --- [flower-shop-backend] [           main] o.s.b.a.e.web.EndpointLinksResolver      : Exposing 2 endpoints beneath base path '/actuator'
2026-02-27T15:53:19.031+08:00  INFO 402684 --- [flower-shop-backend] [           main] o.s.b.w.embedded.tomcat.TomcatWebServer  : Tomcat started on port 18081 (http) with context path '/'
2026-02-27T15:53:19.062+08:00  INFO 402684 --- [flower-shop-backend] [           main] com.flowershop.FlowerShopApplication     : Started FlowerShopApplication in 15.461 seconds (process running for 16.477)
2026-02-27T15:53:19.562+08:00  INFO 402684 --- [flower-shop-backend] [io-18081-exec-1] o.a.c.c.C.[Tomcat].[localhost].[/]       : Initializing Spring DispatcherServlet 'dispatcherServlet'
2026-02-27T15:53:19.564+08:00  INFO 402684 --- [flower-shop-backend] [io-18081-exec-1] o.s.web.servlet.DispatcherServlet        : Initializing Servlet 'dispatcherServlet'
2026-02-27T15:53:19.566+08:00  INFO 402684 --- [flower-shop-backend] [io-18081-exec-1] o.s.web.servlet.DispatcherServlet        : Completed initialization in 2 ms
2026-02-27T15:53:19.672+08:00  INFO 402684 --- [flower-shop-backend] [io-18081-exec-1] com.zaxxer.hikari.HikariDataSource       : HikariPool-1 - Starting...
2026-02-27T15:53:19.968+08:00  INFO 402684 --- [flower-shop-backend] [io-18081-exec-1] com.zaxxer.hikari.pool.HikariPool        : HikariPool-1 - Added connection com.mysql.cj.jdbc.ConnectionImpl@2741b21f
2026-02-27T15:53:19.973+08:00  INFO 402684 --- [flower-shop-backend] [io-18081-exec-1] com.zaxxer.hikari.HikariDataSource       : HikariPool-1 - Start completed.
